<?xml version="1.0" encoding="UTF-8"?>
<testsuites name="Mocha Tests" time="39.427" tests="3" failures="0">
  <testsuite name="Root Suite" timestamp="2023-05-19T12:22:12" tests="3" file="cypress\e2e\WebSoft\Learning_testing_management\Testing_management\Portal_open_test_check_button_start.cy.js" time="39.417" failures="0">
    <testcase name="Проверка кнопки начать в карточке теста" time="16.803" classname="Проверка кнопки начать в карточке теста">
    </testcase>
    <testcase name="Запуск теста" time="12.640" classname="Запуск теста">
    </testcase>
    <testcase name="Проверка факта назначения" time="9.820" classname="Проверка факта назначения">
    </testcase>
  </testsuite>
</testsuites>