<?xml version="1.0" encoding="UTF-8"?>
<testsuites name="Mocha Tests" time="42.793" tests="3" failures="0">
  <testsuite name="Root Suite" timestamp="2023-05-16T10:13:47" tests="3" file="cypress\e2e\WebSoft\Learning_testing_management\Testing_management\Portal_test_completion_succesfully.cy.js" time="42.779" failures="0">
    <testcase name="Прохождение теста успешно" time="27.181" classname="Прохождение теста успешно">
    </testcase>
    <testcase name="Проверка статуса" time="7.550" classname="Проверка статуса">
    </testcase>
    <testcase name="Проверка баллов" time="7.866" classname="Проверка баллов">
    </testcase>
  </testsuite>
</testsuites>