<?xml version="1.0" encoding="UTF-8"?>
<testsuites name="Mocha Tests" time="57.512" tests="9" failures="0">
  <testsuite name="Root Suite" timestamp="2023-05-19T12:06:15" tests="9" file="cypress\e2e\WebSoft\Portal_personal_area_open_all_chapters.cy.js" time="57.501" failures="0">
    <testcase name="Проверка страницы работа" time="13.789" classname="Проверка страницы работа">
    </testcase>
    <testcase name="Проверка страницы адаптация" time="5.637" classname="Проверка страницы адаптация">
    </testcase>
    <testcase name="Проверка страницы карьера" time="5.086" classname="Проверка страницы карьера">
    </testcase>
    <testcase name="Проверка страницы знания" time="5.721" classname="Проверка страницы знания">
    </testcase>
    <testcase name="Проверка страницы Обучение" time="5.450" classname="Проверка страницы Обучение">
    </testcase>
    <testcase name="Проверка страницы Компетенции" time="5.737" classname="Проверка страницы Компетенции">
    </testcase>
    <testcase name="Проверка страницы цели" time="4.964" classname="Проверка страницы цели">
    </testcase>
    <testcase name="Проверка страницы документы" time="5.292" classname="Проверка страницы документы">
    </testcase>
    <testcase name="Проверка страницы льготы" time="5.399" classname="Проверка страницы льготы">
    </testcase>
  </testsuite>
</testsuites>