<?xml version="1.0" encoding="UTF-8"?>
<testsuites name="Mocha Tests" time="45.628" tests="3" failures="0">
  <testsuite name="Root Suite" timestamp="2023-05-18T10:06:04" tests="3" file="cypress\e2e\WebSoft\Learning_testing_management\Learning_management\Portal_refusal_event.cy.js" time="45.623" failures="0">
    <testcase name="Подача индивидуальной заявки на мероприятие" time="23.109" classname="Подача индивидуальной заявки на мероприятие">
    </testcase>
    <testcase name="Отображение заявки" time="10.681" classname="Отображение заявки">
    </testcase>
    <testcase name="Отказ от участия в мероприятии" time="11.740" classname="Отказ от участия в мероприятии">
    </testcase>
  </testsuite>
</testsuites>