<?xml version="1.0" encoding="UTF-8"?>
<testsuites name="Mocha Tests" time="67.181" tests="2" failures="0">
  <testsuite name="Root Suite" timestamp="2023-05-16T08:43:44" tests="2" file="cypress\e2e\WebSoft\Learning_testing_management\Learning_management\Portal_submitting_invidual_application.cy.js" time="67.163" failures="0">
    <testcase name="Подача индивидуальной заявки на мероприятие" time="40.365" classname="Подача индивидуальной заявки на мероприятие">
    </testcase>
    <testcase name="Отображение заявки" time="26.618" classname="Отображение заявки">
    </testcase>
  </testsuite>
</testsuites>