<?xml version="1.0" encoding="UTF-8"?>
<testsuites name="Mocha Tests" time="51.493" tests="3" failures="0">
  <testsuite name="Root Suite" timestamp="2023-05-16T07:29:21" tests="3" file="cypress\e2e\WebSoft\Learning_testing_management\Learning_management\Portal_refusal_event.cy.js" time="51.478" failures="0">
    <testcase name="Подача индивидуальной заявки на мероприятие" time="24.937" classname="Подача индивидуальной заявки на мероприятие">
    </testcase>
    <testcase name="Отображение заявки" time="11.932" classname="Отображение заявки">
    </testcase>
    <testcase name="Отказ от участия в мероприятии" time="14.437" classname="Отказ от участия в мероприятии">
    </testcase>
  </testsuite>
</testsuites>