<?xml version="1.0" encoding="UTF-8"?>
<testsuites name="Mocha Tests" time="34.317" tests="3" failures="0">
  <testsuite name="Root Suite" timestamp="2023-05-18T10:05:22" tests="3" file="cypress\e2e\WebSoft\Learning_testing_management\Learning_management\Portal_open_course_check_button_start.cy.js" time="34.308" failures="0">
    <testcase name="Проверка наличия кнопки &quot;начать&quot;" time="14.830" classname="Проверка наличия кнопки &quot;начать&quot;">
    </testcase>
    <testcase name="Открытие курса сотрудником на портале" time="10.844" classname="Открытие курса сотрудником на портале">
    </testcase>
    <testcase name="Проверка статуса в процессе" time="8.508" classname="Проверка статуса в процессе">
    </testcase>
  </testsuite>
</testsuites>