<?xml version="1.0" encoding="UTF-8"?>
<testsuites name="Mocha Tests" time="106.097" tests="2" failures="0">
  <testsuite name="Root Suite" timestamp="2023-05-16T08:32:21" tests="2" file="cypress\e2e\WebSoft\Learning_testing_management\Learning_management\Portal_submitting_group_application.cy.js" time="106.088" failures="0">
    <testcase name="Подача групповой заявки на мероприятие" time="77.128" classname="Подача групповой заявки на мероприятие">
    </testcase>
    <testcase name="Отображение заявки" time="28.753" classname="Отображение заявки">
    </testcase>
  </testsuite>
</testsuites>