<?xml version="1.0" encoding="UTF-8"?>
<testsuites name="Mocha Tests" time="40.535" tests="3" failures="0">
  <testsuite name="Root Suite" timestamp="2023-05-18T09:20:04" tests="3" file="cypress\e2e\WebSoft\Learning_testing_management\Learning_management\Portal_open_course_check_button_start.cy.js" time="40.501" failures="0">
    <testcase name="Проверка наличия кнопки &quot;начать&quot;" time="16.488" classname="Проверка наличия кнопки &quot;начать&quot;">
    </testcase>
    <testcase name="Открытие курса сотрудником на портале" time="12.667" classname="Открытие курса сотрудником на портале">
    </testcase>
    <testcase name="Проверка статуса в процессе" time="11.069" classname="Проверка статуса в процессе">
    </testcase>
  </testsuite>
</testsuites>