<?xml version="1.0" encoding="UTF-8"?>
<testsuites name="Mocha Tests" time="15.917" tests="1" failures="0">
  <testsuite name="Root Suite" timestamp="2023-05-18T10:04:10" tests="1" file="cypress\e2e\WebSoft\Learning_testing_management\Learning_management\Portal_event_card_perfomance.cy.js" time="15.912" failures="0">
    <testcase name="Проверка открытия мероприятия через представление список" time="15.839" classname="Проверка открытия мероприятия через представление список">
    </testcase>
  </testsuite>
</testsuites>