<?xml version="1.0" encoding="UTF-8"?>
<testsuites name="Mocha Tests" time="53.575" tests="3" failures="0">
  <testsuite name="Root Suite" timestamp="2023-05-16T09:12:18" tests="3" file="cypress\e2e\WebSoft\Learning_testing_management\Learning_management\Portal_event_participation_confirmation.cy.js" time="53.559" failures="0">
    <testcase name="Подача индивидуальной заявки на мероприятие" time="27.679" classname="Подача индивидуальной заявки на мероприятие">
    </testcase>
    <testcase name="Отображение заявки" time="12.580" classname="Отображение заявки">
    </testcase>
    <testcase name="Подтверждение участия в мероприятии" time="13.102" classname="Подтверждение участия в мероприятии">
    </testcase>
  </testsuite>
</testsuites>