<?xml version="1.0" encoding="UTF-8"?>
<testsuites name="Mocha Tests" time="40.062" tests="3" failures="0">
  <testsuite name="Root Suite" timestamp="2023-05-16T10:10:49" tests="3" file="cypress\e2e\WebSoft\Learning_testing_management\Testing_management\Portal_open_test_check_button_start.cy.js" time="40.056" failures="0">
    <testcase name="Проверка кнопки начать в карточке теста" time="15.987" classname="Проверка кнопки начать в карточке теста">
    </testcase>
    <testcase name="Запуск теста" time="11.399" classname="Запуск теста">
    </testcase>
    <testcase name="Проверка факта назначения" time="12.550" classname="Проверка факта назначения">
    </testcase>
  </testsuite>
</testsuites>