<?xml version="1.0" encoding="UTF-8"?>
<testsuites name="Mocha Tests" time="57.218" tests="3" failures="0">
  <testsuite name="Root Suite" timestamp="2023-05-19T13:59:33" tests="3" file="cypress\e2e\WebSoft\Learning_testing_management\Testing_management\Portal_test_completion_succesfully.cy.js" time="57.202" failures="0">
    <testcase name="Прохождение теста успешно" time="35.302" classname="Прохождение теста успешно">
    </testcase>
    <testcase name="Проверка статуса" time="11.046" classname="Проверка статуса">
    </testcase>
    <testcase name="Проверка баллов" time="10.582" classname="Проверка баллов">
    </testcase>
  </testsuite>
</testsuites>