<?xml version="1.0" encoding="UTF-8"?>
<testsuites name="Mocha Tests" time="39.328" tests="3" failures="0">
  <testsuite name="Root Suite" timestamp="2023-05-18T10:09:25" tests="3" file="cypress\e2e\WebSoft\Learning_testing_management\Testing_management\Portal_open_test_check_button_start.cy.js" time="39.318" failures="0">
    <testcase name="Проверка кнопки начать в карточке теста" time="16.359" classname="Проверка кнопки начать в карточке теста">
    </testcase>
    <testcase name="Запуск теста" time="10.871" classname="Запуск теста">
    </testcase>
    <testcase name="Проверка факта назначения" time="11.968" classname="Проверка факта назначения">
    </testcase>
  </testsuite>
</testsuites>