<?xml version="1.0" encoding="UTF-8"?>
<testsuites name="Mocha Tests" time="98.744" tests="3" failures="0">
  <testsuite name="Root Suite" timestamp="2023-05-19T13:02:01" tests="3" file="cypress\e2e\WebSoft\Learning_testing_management\Testing_management\Portal_test_in_process_status.cy.js" time="98.724" failures="0">
    <testcase name="Запуск теста" time="61.664" classname="Запуск теста">
    </testcase>
    <testcase name="Проверка статуса" time="17.148" classname="Проверка статуса">
    </testcase>
    <testcase name="Проверка баллов" time="19.555" classname="Проверка баллов">
    </testcase>
  </testsuite>
</testsuites>