<?xml version="1.0" encoding="UTF-8"?>
<testsuites name="Mocha Tests" time="41.937" tests="5" failures="0">
  <testsuite name="Root Suite" timestamp="2023-05-19T13:33:53" tests="5" file="cypress\e2e\WebSoft\Portal_main_modules.cy.js" time="41.918" failures="0">
    <testcase name="Проверка модуля Сообщество" time="14.529" classname="Проверка модуля Сообщество">
    </testcase>
    <testcase name="Проверка модуля Сервисы" time="7.711" classname="Проверка модуля Сервисы">
    </testcase>
    <testcase name="Проверка модуля Знания" time="7.825" classname="Проверка модуля Знания">
    </testcase>
    <testcase name="Проверка модуля Обучение" time="5.581" classname="Проверка модуля Обучение">
    </testcase>
    <testcase name="Проверка модуля Команда" time="5.706" classname="Проверка модуля Команда">
    </testcase>
  </testsuite>
</testsuites>