<?xml version="1.0" encoding="UTF-8"?>
<testsuites name="Mocha Tests" time="45.698" tests="3" failures="0">
  <testsuite name="Root Suite" timestamp="2023-05-18T09:19:06" tests="3" file="cypress\e2e\WebSoft\Learning_testing_management\Learning_management\Portal_event_participation_confirmation.cy.js" time="45.682" failures="0">
    <testcase name="Подача индивидуальной заявки на мероприятие" time="21.638" classname="Подача индивидуальной заявки на мероприятие">
    </testcase>
    <testcase name="Отображение заявки" time="10.625" classname="Отображение заявки">
    </testcase>
    <testcase name="Подтверждение участия в мероприятии" time="13.247" classname="Подтверждение участия в мероприятии">
    </testcase>
  </testsuite>
</testsuites>