<?xml version="1.0" encoding="UTF-8"?>
<testsuites name="Mocha Tests" time="43.543" tests="3" failures="0">
  <testsuite name="Root Suite" timestamp="2023-05-19T12:48:49" tests="3" file="cypress\e2e\WebSoft\Learning_testing_management\Learning_management\Portal_open_course_check_button_start.cy.js" time="43.538" failures="0">
    <testcase name="Проверка наличия кнопки &quot;начать&quot;" time="14.745" classname="Проверка наличия кнопки &quot;начать&quot;">
    </testcase>
    <testcase name="Открытие курса сотрудником на портале" time="17.473" classname="Открытие курса сотрудником на портале">
    </testcase>
    <testcase name="Проверка статуса в процессе" time="11.212" classname="Проверка статуса в процессе">
    </testcase>
  </testsuite>
</testsuites>