<?xml version="1.0" encoding="UTF-8"?>
<testsuites name="Mocha Tests" time="32.996" tests="2" failures="0">
  <testsuite name="Root Suite" timestamp="2023-05-19T12:19:38" tests="2" file="cypress\e2e\WebSoft\Learning_testing_management\Learning_management\Portal_self-appointed_course.cy.js" time="32.987" failures="0">
    <testcase name="Самоназначение курса" time="22.232" classname="Самоназначение курса">
    </testcase>
    <testcase name="Проверка статуса назначен" time="10.594" classname="Проверка статуса назначен">
    </testcase>
  </testsuite>
</testsuites>