<?xml version="1.0" encoding="UTF-8"?>
<testsuites name="Mocha Tests" time="61.018" tests="3" failures="0">
  <testsuite name="Root Suite" timestamp="2023-05-18T09:14:19" tests="3" file="cypress\e2e\WebSoft\Learning_testing_management\Learning_management\1Portal_apply_approve_course.cy.js" time="61.001" failures="0">
    <testcase name="Подача индивидуальной заявки на курс" time="41.711" classname="Подача индивидуальной заявки на курс">
    </testcase>
    <testcase name="Отображение заявки" time="14.526" classname="Отображение заявки">
    </testcase>
    <testcase name="Проверка курса у сотрудника" time="4.508" classname="Проверка курса у сотрудника">
    </testcase>
  </testsuite>
</testsuites>