<?xml version="1.0" encoding="UTF-8"?>
<testsuites name="Mocha Tests" time="19.121" tests="1" failures="0">
  <testsuite name="Root Suite" timestamp="2023-05-18T09:18:39" tests="1" file="cypress\e2e\WebSoft\Learning_testing_management\Learning_management\Portal_event_card_perfomance.cy.js" time="19.100" failures="0">
    <testcase name="Проверка открытия мероприятия через представление список" time="18.900" classname="Проверка открытия мероприятия через представление список">
    </testcase>
  </testsuite>
</testsuites>